This is pdfTeX, Version 3.141592653-2.6-1.40.23 (TeX Live 2022/dev) (preloaded format=pdflatex 2021.10.26)  5 NOV 2021 21:09
entering extended mode
 restricted \write18 enabled.
 %&-line parsing enabled.
**thesis.tex
(./thesis.tex
LaTeX2e <2021-06-01> patch level 1
L3 programming layer <2021-10-18> (./reedthesis.cls
Document Class: reedthesis 2004/01/27 The Reed College Thesis Class
(/Users/rachelledig/Library/TinyTeX/texmf-dist/tex/latex/base/book.cls
Document Class: book 2021/02/12 v1.4n Standard LaTeX document class
(/Users/rachelledig/Library/TinyTeX/texmf-dist/tex/latex/base/bk12.clo
File: bk12.clo 2021/02/12 v1.4n Standard LaTeX file (size option)
)
\c@part=\count182
\c@chapter=\count183
\c@section=\count184
\c@subsection=\count185
\c@subsubsection=\count186
\c@paragraph=\count187
\c@subparagraph=\count188
\c@figure=\count189
\c@table=\count190
\abovecaptionskip=\skip47
\belowcaptionskip=\skip48
\bibindent=\dimen138
) (/Users/rachelledig/Library/TinyTeX/texmf-dist/tex/latex/fancyhdr/fancyhdr.st
y
Package: fancyhdr 2021/01/28 v4.0.1 Extensive control of page headers and foote
rs
\f@nch@headwidth=\skip49
\f@nch@O@elh=\skip50
\f@nch@O@erh=\skip51
\f@nch@O@olh=\skip52
\f@nch@O@orh=\skip53
\f@nch@O@elf=\skip54
\f@nch@O@erf=\skip55
\f@nch@O@olf=\skip56
\f@nch@O@orf=\skip57
) (/Users/rachelledig/Library/TinyTeX/texmf-dist/tex/latex/fancyvrb/fancyvrb.st
y
Package: fancyvrb 2021/10/15 v3.9 verbatim text (tvz,hv)
(/Users/rachelledig/Library/TinyTeX/texmf-dist/tex/latex/graphics/keyval.sty
Package: keyval 2014/10/28 v1.15 key=value parser (DPC)
\KV@toks@=\toks16
)
\FV@CodeLineNo=\count191
\FV@InFile=\read2
\FV@TabBox=\box50
\c@FancyVerbLine=\count192
\FV@StepNumber=\count193
\FV@OutFile=\write3
) (/Users/rachelledig/Library/TinyTeX/texmf-dist/tex/generic/iftex/ifxetex.sty
Package: ifxetex 2019/10/25 v0.7 ifxetex legacy package. Use iftex instead.
(/Users/rachelledig/Library/TinyTeX/texmf-dist/tex/generic/iftex/iftex.sty
Package: iftex 2020/03/06 v1.0d TeX engine tests
)) (/Users/rachelledig/Library/TinyTeX/texmf-dist/tex/generic/iftex/ifluatex.st
y
Package: ifluatex 2019/10/25 v1.5 ifluatex legacy package. Use iftex instead.
) (/Users/rachelledig/Library/TinyTeX/texmf-dist/tex/latex/base/fixltx2e.sty
Package: fixltx2e 2016/12/29 v2.1a fixes to LaTeX (obsolete)
Applying: [2015/01/01] Old fixltx2e package on input line 46.

Package fixltx2e Warning: fixltx2e is not required with releases after 2015
(fixltx2e)                All fixes are now in the LaTeX kernel.
(fixltx2e)                See the latexrelease package for details.

Already applied: [0000/00/00] Old fixltx2e package on input line 53.
) (/Users/rachelledig/Library/TinyTeX/texmf-dist/tex/latex/base/fontenc.sty
Package: fontenc 2021/04/29 v2.0v Standard LaTeX package
) (/Users/rachelledig/Library/TinyTeX/texmf-dist/tex/latex/base/inputenc.sty
Package: inputenc 2021/02/14 v1.3d Input encoding file
\inpenc@prehook=\toks17
\inpenc@posthook=\toks18
)
(/Users/rachelledig/Library/TinyTeX/texmf-dist/tex/latex/microtype/microtype.st
y
Package: microtype 2021/10/31 v3.0 Micro-typographical refinements (RS)
(/Users/rachelledig/Library/TinyTeX/texmf-dist/tex/latex/etoolbox/etoolbox.sty
Package: etoolbox 2020/10/05 v2.5k e-TeX tools for LaTeX (JAW)
\etb@tempcnta=\count194
)
\MT@toks=\toks19
\MT@count=\count195
\MT@tempbox=\box51
\MT@leftmarginkern=\dimen139
\MT@rightmarginkern=\dimen140
LaTeX Info: Redefining \textls on input line 1114.
\MT@outer@kern=\dimen141
LaTeX Info: Redefining \textmicrotypecontext on input line 1700.
\MT@listname@count=\count196

(/Users/rachelledig/Library/TinyTeX/texmf-dist/tex/latex/microtype/microtype-pd
ftex.def
File: microtype-pdftex.def 2021/10/31 v3.0 Definitions specific to pdftex (RS)
LaTeX Info: Redefining \lsstyle on input line 915.
LaTeX Info: Redefining \lslig on input line 915.
\MT@outer@space=\skip58
)
Package microtype Info: Loading configuration file microtype.cfg.

(/Users/rachelledig/Library/TinyTeX/texmf-dist/tex/latex/microtype/microtype.cf
g
File: microtype.cfg 2021/10/31 v3.0 microtype main configuration file (RS)
)) (/Users/rachelledig/Library/TinyTeX/texmf-dist/tex/latex/graphics/color.sty
Package: color 2020/02/24 v1.2b Standard LaTeX Color (DPC)

(/Users/rachelledig/Library/TinyTeX/texmf-dist/tex/latex/graphics-cfg/color.cfg
File: color.cfg 2016/01/02 v1.6 sample color configuration
)
Package color Info: Driver file: pdftex.def on input line 149.

(/Users/rachelledig/Library/TinyTeX/texmf-dist/tex/latex/graphics-def/pdftex.de
f
File: pdftex.def 2020/10/05 v1.2a Graphics/color driver for pdftex
)) (/Users/rachelledig/Library/TinyTeX/texmf-dist/tex/latex/framed/framed.sty
Package: framed 2011/10/22 v 0.96: framed or shaded text with page breaks
\OuterFrameSep=\skip59
\fb@frw=\dimen142
\fb@frh=\dimen143
\FrameRule=\dimen144
\FrameSep=\dimen145
)) (/Users/rachelledig/Library/TinyTeX/texmf-dist/tex/latex/graphics/graphicx.s
ty
Package: graphicx 2020/12/05 v1.2c Enhanced LaTeX Graphics (DPC,SPQR)
(/Users/rachelledig/Library/TinyTeX/texmf-dist/tex/latex/graphics/graphics.sty
Package: graphics 2021/03/04 v1.4d Standard LaTeX Graphics (DPC,SPQR)
(/Users/rachelledig/Library/TinyTeX/texmf-dist/tex/latex/graphics/trig.sty
Package: trig 2016/01/03 v1.10 sin cos tan (DPC)
)
(/Users/rachelledig/Library/TinyTeX/texmf-dist/tex/latex/graphics-cfg/graphics.
cfg
File: graphics.cfg 2016/06/04 v1.11 sample graphics configuration
)
Package graphics Info: Driver file: pdftex.def on input line 107.
)
\Gin@req@height=\dimen146
\Gin@req@width=\dimen147
) (/Users/rachelledig/Library/TinyTeX/texmf-dist/tex/latex/base/latexsym.sty
Package: latexsym 1998/08/17 v2.2e Standard LaTeX package (lasy symbols)
\symlasy=\mathgroup4
LaTeX Font Info:    Overwriting symbol font `lasy' in version `bold'
(Font)                  U/lasy/m/n --> U/lasy/b/n on input line 52.
) (/Users/rachelledig/Library/TinyTeX/texmf-dist/tex/latex/amsmath/amsmath.sty
Package: amsmath 2021/04/20 v2.17j AMS math features
\@mathmargin=\skip60
For additional information on amsmath, use the `?' option.
(/Users/rachelledig/Library/TinyTeX/texmf-dist/tex/latex/amsmath/amstext.sty
Package: amstext 2000/06/29 v2.01 AMS text
(/Users/rachelledig/Library/TinyTeX/texmf-dist/tex/latex/amsmath/amsgen.sty
File: amsgen.sty 1999/11/30 v2.0 generic functions
\@emptytoks=\toks20
\ex@=\dimen148
)) (/Users/rachelledig/Library/TinyTeX/texmf-dist/tex/latex/amsmath/amsbsy.sty
Package: amsbsy 1999/11/29 v1.2d Bold Symbols
\pmbraise@=\dimen149
) (/Users/rachelledig/Library/TinyTeX/texmf-dist/tex/latex/amsmath/amsopn.sty
Package: amsopn 2016/03/08 v2.02 operator names
)
\inf@bad=\count197
LaTeX Info: Redefining \frac on input line 234.
\uproot@=\count198
\leftroot@=\count199
LaTeX Info: Redefining \overline on input line 399.
\classnum@=\count266
\DOTSCASE@=\count267
LaTeX Info: Redefining \ldots on input line 496.
LaTeX Info: Redefining \dots on input line 499.
LaTeX Info: Redefining \cdots on input line 620.
\Mathstrutbox@=\box52
\strutbox@=\box53
\big@size=\dimen150
LaTeX Font Info:    Redeclaring font encoding OML on input line 743.
LaTeX Font Info:    Redeclaring font encoding OMS on input line 744.
\macc@depth=\count268
\c@MaxMatrixCols=\count269
\dotsspace@=\muskip16
\c@parentequation=\count270
\dspbrk@lvl=\count271
\tag@help=\toks21
\row@=\count272
\column@=\count273
\maxfields@=\count274
\andhelp@=\toks22
\eqnshift@=\dimen151
\alignsep@=\dimen152
\tagshift@=\dimen153
\tagwidth@=\dimen154
\totwidth@=\dimen155
\lineht@=\dimen156
\@envbody=\toks23
\multlinegap=\skip61
\multlinetaggap=\skip62
\mathdisplay@stack=\toks24
LaTeX Info: Redefining \[ on input line 2923.
LaTeX Info: Redefining \] on input line 2924.
) (/Users/rachelledig/Library/TinyTeX/texmf-dist/tex/latex/amsfonts/amssymb.sty
Package: amssymb 2013/01/14 v3.01 AMS font symbols
(/Users/rachelledig/Library/TinyTeX/texmf-dist/tex/latex/amsfonts/amsfonts.sty
Package: amsfonts 2013/01/14 v3.01 Basic AMSFonts support
\symAMSa=\mathgroup5
\symAMSb=\mathgroup6
LaTeX Font Info:    Redeclaring math symbol \hbar on input line 98.
LaTeX Font Info:    Overwriting math alphabet `\mathfrak' in version `bold'
(Font)                  U/euf/m/n --> U/euf/b/n on input line 106.
)) (/Users/rachelledig/Library/TinyTeX/texmf-dist/tex/latex/amscls/amsthm.sty
Package: amsthm 2020/05/29 v2.20.6
\thm@style=\toks25
\thm@bodyfont=\toks26
\thm@headfont=\toks27
\thm@notefont=\toks28
\thm@headpunct=\toks29
\thm@preskip=\skip63
\thm@postskip=\skip64
\thm@headsep=\skip65
\dth@everypar=\toks30
) (/Users/rachelledig/Library/TinyTeX/texmf-dist/tex/latex/tools/longtable.sty
Package: longtable 2021-05-07 v4.16 Multi-page Table package (DPC)
\LTleft=\skip66
\LTright=\skip67
\LTpre=\skip68
\LTpost=\skip69
\LTchunksize=\count275
\LTcapwidth=\dimen157
\LT@head=\box54
\LT@firsthead=\box55
\LT@foot=\box56
\LT@lastfoot=\box57
\LT@gbox=\box58
\LT@cols=\count276
\LT@rows=\count277
\c@LT@tables=\count278
\c@LT@chunks=\count279
\LT@p@ftn=\toks31
) (/Users/rachelledig/Library/TinyTeX/texmf-dist/tex/latex/booktabs/booktabs.st
y
Package: booktabs 2020/01/12 v1.61803398 Publication quality tables
\heavyrulewidth=\dimen158
\lightrulewidth=\dimen159
\cmidrulewidth=\dimen160
\belowrulesep=\dimen161
\belowbottomsep=\dimen162
\aboverulesep=\dimen163
\abovetopsep=\dimen164
\cmidrulesep=\dimen165
\cmidrulekern=\dimen166
\defaultaddspace=\dimen167
\@cmidla=\count280
\@cmidlb=\count281
\@aboverulesep=\dimen168
\@belowrulesep=\dimen169
\@thisruleclass=\count282
\@lastruleclass=\count283
\@thisrulewidth=\dimen170
) (/Users/rachelledig/Library/TinyTeX/texmf-dist/tex/latex/setspace/setspace.st
y
Package: setspace 2011/12/19 v6.7a set line spacing
) (./chemarr.sty
Package: chemarr 2001/06/22 v1.1 Chemical reaction arrows (HO)
) (/Users/rachelledig/Library/TinyTeX/texmf-dist/tex/latex/url/url.sty
\Urlmuskip=\muskip17
Package: url 2013/09/16  ver 3.4  Verb mode for urls, etc.
) (/Users/rachelledig/Library/TinyTeX/texmf-dist/tex/latex/hyperref/hyperref.st
y
Package: hyperref 2021-06-07 v7.00m Hypertext links for LaTeX
(/Users/rachelledig/Library/TinyTeX/texmf-dist/tex/generic/ltxcmds/ltxcmds.sty
Package: ltxcmds 2020-05-10 v1.25 LaTeX kernel commands for general use (HO)
)
(/Users/rachelledig/Library/TinyTeX/texmf-dist/tex/generic/pdftexcmds/pdftexcmd
s.sty
Package: pdftexcmds 2020-06-27 v0.33 Utility functions of pdfTeX for LuaTeX (HO
)

(/Users/rachelledig/Library/TinyTeX/texmf-dist/tex/generic/infwarerr/infwarerr.
sty
Package: infwarerr 2019/12/03 v1.5 Providing info/warning/error messages (HO)
)
Package pdftexcmds Info: \pdf@primitive is available.
Package pdftexcmds Info: \pdf@ifprimitive is available.
Package pdftexcmds Info: \pdfdraftmode found.
)
(/Users/rachelledig/Library/TinyTeX/texmf-dist/tex/generic/kvsetkeys/kvsetkeys.
sty
Package: kvsetkeys 2019/12/15 v1.18 Key value parser (HO)
)
(/Users/rachelledig/Library/TinyTeX/texmf-dist/tex/generic/kvdefinekeys/kvdefin
ekeys.sty
Package: kvdefinekeys 2019-12-19 v1.6 Define keys (HO)
)
(/Users/rachelledig/Library/TinyTeX/texmf-dist/tex/generic/pdfescape/pdfescape.
sty
Package: pdfescape 2019/12/09 v1.15 Implements pdfTeX's escape features (HO)
) (/Users/rachelledig/Library/TinyTeX/texmf-dist/tex/latex/hycolor/hycolor.sty
Package: hycolor 2020-01-27 v1.10 Color options for hyperref/bookmark (HO)
)
(/Users/rachelledig/Library/TinyTeX/texmf-dist/tex/latex/letltxmacro/letltxmacr
o.sty
Package: letltxmacro 2019/12/03 v1.6 Let assignment for LaTeX macros (HO)
) (/Users/rachelledig/Library/TinyTeX/texmf-dist/tex/latex/auxhook/auxhook.sty
Package: auxhook 2019-12-17 v1.6 Hooks for auxiliary files (HO)
)
(/Users/rachelledig/Library/TinyTeX/texmf-dist/tex/latex/kvoptions/kvoptions.st
y
Package: kvoptions 2020-10-07 v3.14 Key value format for package options (HO)
)
\@linkdim=\dimen171
\Hy@linkcounter=\count284
\Hy@pagecounter=\count285
(/Users/rachelledig/Library/TinyTeX/texmf-dist/tex/latex/hyperref/pd1enc.def
File: pd1enc.def 2021-06-07 v7.00m Hyperref: PDFDocEncoding definition (HO)
Now handling font encoding PD1 ...
... no UTF-8 mapping file for font encoding PD1
)
(/Users/rachelledig/Library/TinyTeX/texmf-dist/tex/latex/hyperref/hyperref-lang
patches.def
File: hyperref-langpatches.def 2021-06-07 v7.00m Hyperref: patches for babel la
nguages
) (/Users/rachelledig/Library/TinyTeX/texmf-dist/tex/generic/intcalc/intcalc.st
y
Package: intcalc 2019/12/15 v1.3 Expandable calculations with integers (HO)
)
(/Users/rachelledig/Library/TinyTeX/texmf-dist/tex/generic/etexcmds/etexcmds.st
y
Package: etexcmds 2019/12/15 v1.7 Avoid name clashes with e-TeX commands (HO)
)
\Hy@SavedSpaceFactor=\count286
(/Users/rachelledig/Library/TinyTeX/texmf-dist/tex/latex/hyperref/puenc.def
File: puenc.def 2021-06-07 v7.00m Hyperref: PDF Unicode definition (HO)
Now handling font encoding PU ...
... no UTF-8 mapping file for font encoding PU
)
Package hyperref Info: Hyper figures OFF on input line 4192.
Package hyperref Info: Link nesting OFF on input line 4197.
Package hyperref Info: Hyper index ON on input line 4200.
Package hyperref Info: Plain pages OFF on input line 4207.
Package hyperref Info: Backreferencing OFF on input line 4212.
Package hyperref Info: Implicit mode ON; LaTeX internals redefined.
Package hyperref Info: Bookmarks ON on input line 4445.
\c@Hy@tempcnt=\count287
LaTeX Info: Redefining \url on input line 4804.
\XeTeXLinkMargin=\dimen172
(/Users/rachelledig/Library/TinyTeX/texmf-dist/tex/generic/bitset/bitset.sty
Package: bitset 2019/12/09 v1.3 Handle bit-vector datatype (HO)

(/Users/rachelledig/Library/TinyTeX/texmf-dist/tex/generic/bigintcalc/bigintcal
c.sty
Package: bigintcalc 2019/12/15 v1.5 Expandable calculations on big integers (HO
)
))
\Fld@menulength=\count288
\Field@Width=\dimen173
\Fld@charsize=\dimen174
Package hyperref Info: Hyper figures OFF on input line 6076.
Package hyperref Info: Link nesting OFF on input line 6081.
Package hyperref Info: Hyper index ON on input line 6084.
Package hyperref Info: backreferencing OFF on input line 6091.
Package hyperref Info: Link coloring OFF on input line 6096.
Package hyperref Info: Link coloring with OCG OFF on input line 6101.
Package hyperref Info: PDF/A mode OFF on input line 6106.
LaTeX Info: Redefining \ref on input line 6146.
LaTeX Info: Redefining \pageref on input line 6150.
(/Users/rachelledig/Library/TinyTeX/texmf-dist/tex/latex/base/atbegshi-ltx.sty
Package: atbegshi-ltx 2021/01/10 v1.0c Emulation of the original atbegshi
package with kernel methods
)
\Hy@abspage=\count289
\c@Item=\count290
\c@Hfootnote=\count291
)
Package hyperref Info: Driver (autodetected): hpdftex.
(/Users/rachelledig/Library/TinyTeX/texmf-dist/tex/latex/hyperref/hpdftex.def
File: hpdftex.def 2021-06-07 v7.00m Hyperref driver for pdfTeX

(/Users/rachelledig/Library/TinyTeX/texmf-dist/tex/latex/base/atveryend-ltx.sty
Package: atveryend-ltx 2020/08/19 v1.0a Emulation of the original atvery packag
e
with kernel methods
)
\Fld@listcount=\count292
\c@bookmark@seq@number=\count293

(/Users/rachelledig/Library/TinyTeX/texmf-dist/tex/latex/rerunfilecheck/rerunfi
lecheck.sty
Package: rerunfilecheck 2019/12/05 v1.9 Rerun checks for auxiliary files (HO)

(/Users/rachelledig/Library/TinyTeX/texmf-dist/tex/generic/uniquecounter/unique
counter.sty
Package: uniquecounter 2019/12/15 v1.4 Provide unlimited unique counter (HO)
)
Package uniquecounter Info: New unique counter `rerunfilecheck' on input line 2
86.
)
\Hy@SectionHShift=\skip70
) (/Users/rachelledig/Library/TinyTeX/texmf-dist/tex/latex/lm/lmodern.sty
Package: lmodern 2015/05/01 v1.6.1 Latin Modern Fonts
LaTeX Font Info:    Overwriting symbol font `operators' in version `normal'
(Font)                  OT1/cmr/m/n --> OT1/lmr/m/n on input line 22.
LaTeX Font Info:    Overwriting symbol font `letters' in version `normal'
(Font)                  OML/cmm/m/it --> OML/lmm/m/it on input line 23.
LaTeX Font Info:    Overwriting symbol font `symbols' in version `normal'
(Font)                  OMS/cmsy/m/n --> OMS/lmsy/m/n on input line 24.
LaTeX Font Info:    Overwriting symbol font `largesymbols' in version `normal'
(Font)                  OMX/cmex/m/n --> OMX/lmex/m/n on input line 25.
LaTeX Font Info:    Overwriting symbol font `operators' in version `bold'
(Font)                  OT1/cmr/bx/n --> OT1/lmr/bx/n on input line 26.
LaTeX Font Info:    Overwriting symbol font `letters' in version `bold'
(Font)                  OML/cmm/b/it --> OML/lmm/b/it on input line 27.
LaTeX Font Info:    Overwriting symbol font `symbols' in version `bold'
(Font)                  OMS/cmsy/b/n --> OMS/lmsy/b/n on input line 28.
LaTeX Font Info:    Overwriting symbol font `largesymbols' in version `bold'
(Font)                  OMX/cmex/m/n --> OMX/lmex/m/n on input line 29.
LaTeX Font Info:    Overwriting math alphabet `\mathbf' in version `normal'
(Font)                  OT1/cmr/bx/n --> OT1/lmr/bx/n on input line 31.
LaTeX Font Info:    Overwriting math alphabet `\mathsf' in version `normal'
(Font)                  OT1/cmss/m/n --> OT1/lmss/m/n on input line 32.
LaTeX Font Info:    Overwriting math alphabet `\mathit' in version `normal'
(Font)                  OT1/cmr/m/it --> OT1/lmr/m/it on input line 33.
LaTeX Font Info:    Overwriting math alphabet `\mathtt' in version `normal'
(Font)                  OT1/cmtt/m/n --> OT1/lmtt/m/n on input line 34.
LaTeX Font Info:    Overwriting math alphabet `\mathbf' in version `bold'
(Font)                  OT1/cmr/bx/n --> OT1/lmr/bx/n on input line 35.
LaTeX Font Info:    Overwriting math alphabet `\mathsf' in version `bold'
(Font)                  OT1/cmss/bx/n --> OT1/lmss/bx/n on input line 36.
LaTeX Font Info:    Overwriting math alphabet `\mathit' in version `bold'
(Font)                  OT1/cmr/bx/it --> OT1/lmr/bx/it on input line 37.
LaTeX Font Info:    Overwriting math alphabet `\mathtt' in version `bold'
(Font)                  OT1/cmtt/m/n --> OT1/lmtt/m/n on input line 38.
) (/Users/rachelledig/Library/TinyTeX/texmf-dist/tex/latex/float/float.sty
Package: float 2001/11/08 v1.3d Float enhancements (AL)
\c@float@type=\count294
\float@exts=\toks32
\float@box=\box59
\@float@everytoks=\toks33
\@floatcapt=\box60
) (/Users/rachelledig/Library/TinyTeX/texmf-dist/tex/latex/tools/calc.sty
Package: calc 2017/05/25 v4.3 Infix arithmetic (KKT,FJ)
\calc@Acount=\count295
\calc@Bcount=\count296
\calc@Adimen=\dimen175
\calc@Bdimen=\dimen176
\calc@Askip=\skip71
\calc@Bskip=\skip72
LaTeX Info: Redefining \setlength on input line 80.
LaTeX Info: Redefining \addtolength on input line 81.
\calc@Ccount=\count297
\calc@Cskip=\skip73
) (/Users/rachelledig/Library/TinyTeX/texmf-dist/tex/latex/graphics/rotating.st
y
Package: rotating 2016/08/11 v2.16d rotated objects in LaTeX
(/Users/rachelledig/Library/TinyTeX/texmf-dist/tex/latex/base/ifthen.sty
Package: ifthen 2020/11/24 v1.1c Standard LaTeX ifthen package (DPC)
)
\c@r@tfl@t=\count298
\rotFPtop=\skip74
\rotFPbot=\skip75
\rot@float@box=\box61
\rot@mess@toks=\toks34
) (/Users/rachelledig/Library/TinyTeX/texmf-dist/tex/latex/caption/caption.sty
Package: caption 2020/10/26 v3.5g Customizing captions (AR)
(/Users/rachelledig/Library/TinyTeX/texmf-dist/tex/latex/caption/caption3.sty
Package: caption3 2020/10/21 v2.2e caption3 kernel (AR)
\captionmargin=\dimen177
\captionmargin@=\dimen178
\captionwidth=\dimen179
\caption@tempdima=\dimen180
\caption@indent=\dimen181
\caption@parindent=\dimen182
\caption@hangindent=\dimen183
Package caption Info: Standard document class detected.
)
\c@caption@flags=\count299
\c@continuedfloat=\count300
Package caption Info: float package is loaded.
Package caption Info: hyperref package is loaded.
Package caption Info: longtable package is loaded.
(/Users/rachelledig/Library/TinyTeX/texmf-dist/tex/latex/caption/ltcaption.sty
Package: ltcaption 2020/05/30 v1.4b longtable captions (AR)
)
Package caption Info: rotating package is loaded.
)
\csllabelwidth=\skip76
\cslhangindent=\skip77
(/Users/rachelledig/Library/TinyTeX/texmf-dist/tex/latex/wrapfig/wrapfig.sty
\wrapoverhang=\dimen184
\WF@size=\dimen185
\c@WF@wrappedlines=\count301
\WF@box=\box62
\WF@everypar=\toks35
Package: wrapfig 2003/01/31  v 3.6
) (/Users/rachelledig/Library/TinyTeX/texmf-dist/tex/latex/tools/array.sty
Package: array 2021/04/20 v2.5e Tabular extension package (FMi)
\col@sep=\dimen186
\ar@mcellbox=\box63
\extrarowheight=\dimen187
\NC@list=\toks36
\extratabsurround=\skip78
\backup@length=\skip79
\ar@cellbox=\box64
) (/Users/rachelledig/Library/TinyTeX/texmf-dist/tex/latex/multirow/multirow.st
y
Package: multirow 2021/03/15 v2.8 Span multiple rows of a table
\multirow@colwidth=\skip80
\multirow@cntb=\count302
\multirow@dima=\skip81
\bigstrutjot=\dimen188
) (/Users/rachelledig/Library/TinyTeX/texmf-dist/tex/latex/colortbl/colortbl.st
y
Package: colortbl 2020/01/04 v1.0e Color table columns (DPC)
\everycr=\toks37
\minrowclearance=\skip82
)
(/Users/rachelledig/Library/TinyTeX/texmf-dist/tex/latex/pdflscape/pdflscape.st
y
Package: pdflscape 2019/12/05 v0.12 Display of landscape pages in PDF (HO)
(/Users/rachelledig/Library/TinyTeX/texmf-dist/tex/latex/graphics/lscape.sty
Package: lscape 2020/05/28 v3.02 Landscape Pages (DPC)
)
Package pdflscape Info: Auto-detected driver: pdftex on input line 81.
) (/Users/rachelledig/Library/TinyTeX/texmf-dist/tex/latex/tabu/tabu.sty
Package: tabu 2019/01/11 v2.9 - flexible LaTeX tabulars (FC+tabu-fixed)
(/Users/rachelledig/Library/TinyTeX/texmf-dist/tex/latex/varwidth/varwidth.sty
Package: varwidth 2009/03/30 ver 0.92;  Variable-width minipages
\@vwid@box=\box65
\sift@deathcycles=\count303
\@vwid@loff=\dimen189
\@vwid@roff=\dimen190
)
\c@taburow=\count304
\tabu@nbcols=\count305
\tabu@cnt=\count306
\tabu@Xcol=\count307
\tabu@alloc=\count308
\tabu@nested=\count309
\tabu@target=\dimen191
\tabu@spreadtarget=\dimen192
\tabu@naturalX=\dimen193
\tabucolX=\dimen194
\tabu@Xsum=\dimen195
\extrarowdepth=\dimen196
\abovetabulinesep=\dimen197
\belowtabulinesep=\dimen198
\tabustrutrule=\dimen199
\tabu@thebody=\toks38
\tabu@footnotes=\toks39
\tabu@box=\box66
\tabu@arstrutbox=\box67
\tabu@hleads=\box68
\tabu@vleads=\box69
\tabu@cellskip=\skip83
)
(/Users/rachelledig/Library/TinyTeX/texmf-dist/tex/latex/threeparttable/threepa
rttable.sty
Package: threeparttable 2003/06/13  v 3.0
\@tempboxb=\box70
)
(/Users/rachelledig/Library/TinyTeX/texmf-dist/tex/latex/threeparttablex/threep
arttablex.sty
Package: threeparttablex 2013/07/23 v0.3 by daleif
(/Users/rachelledig/Library/TinyTeX/texmf-dist/tex/latex/environ/environ.sty
Package: environ 2014/05/04 v0.3 A new way to define environments

(/Users/rachelledig/Library/TinyTeX/texmf-dist/tex/latex/trimspaces/trimspaces.
sty
Package: trimspaces 2009/09/17 v1.1 Trim spaces around a token list
))
\TPTL@width=\skip84
) (/Users/rachelledig/Library/TinyTeX/texmf-dist/tex/generic/ulem/ulem.sty
\UL@box=\box71
\UL@hyphenbox=\box72
\UL@skip=\skip85
\UL@hook=\toks40
\UL@height=\dimen256
\UL@pe=\count310
\UL@pixel=\dimen257
\ULC@box=\box73
Package: ulem 2019/11/18
\ULdepth=\dimen258
) (/Users/rachelledig/Library/TinyTeX/texmf-dist/tex/latex/makecell/makecell.st
y
Package: makecell 2009/08/03 V0.1e Managing of Tab Column Heads and Cells
\rotheadsize=\dimen259
\c@nlinenum=\count311
\TeXr@lab=\toks41
) (/Users/rachelledig/Library/TinyTeX/texmf-dist/tex/latex/xcolor/xcolor.sty
Package: xcolor 2021/10/31 v2.13 LaTeX color extensions (UK)

(/Users/rachelledig/Library/TinyTeX/texmf-dist/tex/latex/graphics-cfg/color.cfg
File: color.cfg 2016/01/02 v1.6 sample color configuration
)
Package xcolor Info: Driver file: pdftex.def on input line 227.
LaTeX Info: Redefining \color on input line 711.
Package xcolor Info: Model `cmy' substituted by `cmy0' on input line 1352.
Package xcolor Info: Model `hsb' substituted by `rgb' on input line 1356.
Package xcolor Info: Model `RGB' extended on input line 1368.
Package xcolor Info: Model `HTML' substituted by `rgb' on input line 1370.
Package xcolor Info: Model `Hsb' substituted by `hsb' on input line 1371.
Package xcolor Info: Model `tHsb' substituted by `hsb' on input line 1372.
Package xcolor Info: Model `HSB' substituted by `hsb' on input line 1373.
Package xcolor Info: Model `Gray' substituted by `gray' on input line 1374.
Package xcolor Info: Model `wave' substituted by `hsb' on input line 1375.
)
LaTeX Font Info:    Trying to load font information for T1+lmr on input line 20
3.
(/Users/rachelledig/Library/TinyTeX/texmf-dist/tex/latex/lm/t1lmr.fd
File: t1lmr.fd 2015/05/01 v1.6.1 Font defs for Latin Modern
)
(/Users/rachelledig/Library/TinyTeX/texmf-dist/tex/latex/l3backend/l3backend-pd
ftex.def
File: l3backend-pdftex.def 2021-10-18 L3 backend support: PDF output (pdfTeX)
\l__color_backend_stack_int=\count312
\l__pdf_internal_box=\box74
) (./thesis.aux

LaTeX Warning: Label `tab:makingcovid' multiply defined.

)
\openout1 = `thesis.aux'.

LaTeX Font Info:    Checking defaults for OML/cmm/m/it on input line 203.
LaTeX Font Info:    ... okay on input line 203.
LaTeX Font Info:    Checking defaults for OMS/cmsy/m/n on input line 203.
LaTeX Font Info:    ... okay on input line 203.
LaTeX Font Info:    Checking defaults for OT1/cmr/m/n on input line 203.
LaTeX Font Info:    ... okay on input line 203.
LaTeX Font Info:    Checking defaults for T1/cmr/m/n on input line 203.
LaTeX Font Info:    ... okay on input line 203.
LaTeX Font Info:    Checking defaults for TS1/cmr/m/n on input line 203.
LaTeX Font Info:    ... okay on input line 203.
LaTeX Font Info:    Checking defaults for OMX/cmex/m/n on input line 203.
LaTeX Font Info:    ... okay on input line 203.
LaTeX Font Info:    Checking defaults for U/cmr/m/n on input line 203.
LaTeX Font Info:    ... okay on input line 203.
LaTeX Font Info:    Checking defaults for PD1/pdf/m/n on input line 203.
LaTeX Font Info:    ... okay on input line 203.
LaTeX Font Info:    Checking defaults for PU/pdf/m/n on input line 203.
LaTeX Font Info:    ... okay on input line 203.
LaTeX Info: Redefining \microtypecontext on input line 203.
Package microtype Info: Applying patch `item' on input line 203.
Package microtype Info: Applying patch `toc' on input line 203.
Package microtype Info: Applying patch `eqnum' on input line 203.
Package microtype Info: Applying patch `footnote' on input line 203.
Package microtype Info: Generating PDF output.
Package microtype Info: Character protrusion enabled (level 2).
Package microtype Info: Using protrusion set `basicmath'.
Package microtype Info: Automatic font expansion enabled (level 2),
(microtype)             stretch: 20, shrink: 20, step: 1, non-selected.
Package microtype Info: Using default expansion set `alltext-nott'.
LaTeX Info: Redefining \showhyphens on input line 203.
Package microtype Info: No adjustment of tracking.
Package microtype Info: No adjustment of interword spacing.
Package microtype Info: No adjustment of character kerning.
(/Users/rachelledig/Library/TinyTeX/texmf-dist/tex/latex/microtype/mt-cmr.cfg
File: mt-cmr.cfg 2013/05/19 v2.2 microtype config. file: Computer Modern Roman 
(RS)
)
(/Users/rachelledig/Library/TinyTeX/texmf-dist/tex/latex/epstopdf-pkg/epstopdf-
base.sty
Package: epstopdf-base 2020-01-24 v2.11 Base part for package epstopdf
Package epstopdf-base Info: Redefining graphics rule for `.eps' on input line 4
85.

(/Users/rachelledig/Library/TinyTeX/texmf-dist/tex/latex/latexconfig/epstopdf-s
ys.cfg
File: epstopdf-sys.cfg 2010/07/13 v1.3 Configuration of (r)epstopdf for TeX Liv
e
))
Package hyperref Info: Link coloring OFF on input line 203.
(/Users/rachelledig/Library/TinyTeX/texmf-dist/tex/latex/hyperref/nameref.sty
Package: nameref 2021-04-02 v2.47 Cross-referencing by name of section
(/Users/rachelledig/Library/TinyTeX/texmf-dist/tex/latex/refcount/refcount.sty
Package: refcount 2019/12/15 v3.6 Data extraction from label references (HO)
)
(/Users/rachelledig/Library/TinyTeX/texmf-dist/tex/generic/gettitlestring/getti
tlestring.sty
Package: gettitlestring 2019/12/15 v1.6 Cleanup title references (HO)
)
\c@section@level=\count313
)
LaTeX Info: Redefining \ref on input line 203.
LaTeX Info: Redefining \pageref on input line 203.
LaTeX Info: Redefining \nameref on input line 203.
(./thesis.out) (./thesis.out)
\@outlinefile=\write4
\openout4 = `thesis.out'.

Package caption Info: Begin \AtBeginDocument code.
Package caption Info: threeparttable package is loaded.
Package caption Info: wrapfig package is loaded.
Package caption Info: End \AtBeginDocument code.
<figure/HU_Logo_small.png, id=96, 401.5pt x 401.5pt>
File: figure/HU_Logo_small.png Graphic file (type png)
<use figure/HU_Logo_small.png>
Package pdftex.def Info: figure/HU_Logo_small.png  used on input line 207.
(pdftex.def)             Requested size: 108.405pt x 108.40643pt.
LaTeX Font Info:    Trying to load font information for OT1+lmr on input line 2
07.
(/Users/rachelledig/Library/TinyTeX/texmf-dist/tex/latex/lm/ot1lmr.fd
File: ot1lmr.fd 2015/05/01 v1.6.1 Font defs for Latin Modern
)
LaTeX Font Info:    Trying to load font information for OML+lmm on input line 2
07.
(/Users/rachelledig/Library/TinyTeX/texmf-dist/tex/latex/lm/omllmm.fd
File: omllmm.fd 2015/05/01 v1.6.1 Font defs for Latin Modern
)
LaTeX Font Info:    Trying to load font information for OMS+lmsy on input line 
207.
(/Users/rachelledig/Library/TinyTeX/texmf-dist/tex/latex/lm/omslmsy.fd
File: omslmsy.fd 2015/05/01 v1.6.1 Font defs for Latin Modern
)
LaTeX Font Info:    Trying to load font information for OMX+lmex on input line 
207.
(/Users/rachelledig/Library/TinyTeX/texmf-dist/tex/latex/lm/omxlmex.fd
File: omxlmex.fd 2015/05/01 v1.6.1 Font defs for Latin Modern
)
LaTeX Font Info:    External font `lmex10' loaded for size
(Font)              <12> on input line 207.
LaTeX Font Info:    External font `lmex10' loaded for size
(Font)              <8> on input line 207.
LaTeX Font Info:    External font `lmex10' loaded for size
(Font)              <6> on input line 207.
LaTeX Font Info:    Trying to load font information for U+lasy on input line 20
7.
(/Users/rachelledig/Library/TinyTeX/texmf-dist/tex/latex/base/ulasy.fd
File: ulasy.fd 1998/08/17 v2.2e LaTeX symbol font definitions
)
LaTeX Font Info:    Trying to load font information for U+msa on input line 207
.
(/Users/rachelledig/Library/TinyTeX/texmf-dist/tex/latex/amsfonts/umsa.fd
File: umsa.fd 2013/01/14 v3.01 AMS symbols A
) (/Users/rachelledig/Library/TinyTeX/texmf-dist/tex/latex/microtype/mt-msa.cfg
File: mt-msa.cfg 2006/02/04 v1.1 microtype config. file: AMS symbols (a) (RS)
)
LaTeX Font Info:    Trying to load font information for U+msb on input line 207
.
(/Users/rachelledig/Library/TinyTeX/texmf-dist/tex/latex/amsfonts/umsb.fd
File: umsb.fd 2013/01/14 v3.01 AMS symbols B
) (/Users/rachelledig/Library/TinyTeX/texmf-dist/tex/latex/microtype/mt-msb.cfg
File: mt-msb.cfg 2005/06/01 v1.0 microtype config. file: AMS symbols (b) (RS)
)
LaTeX Font Info:    Trying to load font information for T1+lmtt on input line 2
07.
(/Users/rachelledig/Library/TinyTeX/texmf-dist/tex/latex/lm/t1lmtt.fd
File: t1lmtt.fd 2015/05/01 v1.6.1 Font defs for Latin Modern
) [1
Non-PDF special ignored!
<special> !% Reed College LaTeX Thesis Class 2001/12/04 SN
Non-PDF special ignored!
<special> rawpostscript % Reed College LaTeX Thesis Class 2001/12/04 SN


{/Users/rachelledig/Library/TinyTeX/texmf-var/fonts/map/pdftex/updmap/pdftex.ma
p} <./figure/HU_Logo_small.png>] [2

] [3] [4

] (./thesis.toc)
\tf@toc=\write5
\openout5 = `thesis.toc'.

[1


] [2

] (./thesis.lot)
\tf@lot=\write6
\openout6 = `thesis.lot'.

[3] [4

] (./thesis.lof
Overfull \vbox (9.0pt too high) detected at line 6
 []


Overfull \vbox (9.0pt too high) detected at line 11
 []


Overfull \vbox (51.76648pt too high) detected at line 15
 []

)
\tf@lof=\write7
\openout7 = `thesis.lof'.

[5] [6

] [7] [8


] [9] [10


] [11] [12


]
Chapter 1.
LaTeX Font Info:    Trying to load font information for TS1+lmr on input line 2
52.
(/Users/rachelledig/Library/TinyTeX/texmf-dist/tex/latex/lm/ts1lmr.fd
File: ts1lmr.fd 2015/05/01 v1.6.1 Font defs for Latin Modern
)pdfTeX warning (ext4): destination with the same identifier (name{page.1}) has
 been already used, duplicate ignored
<to be read again> 
                   \relax 
l.261   E
         xpansion rates of total irrigated area differ temporally, what coul...
[1

]pdfTeX warning (ext4): destination with the same identifier (name{page.2}) has
 been already used, duplicate ignored
<to be read again> 
                   \relax 
l.266 \chapter{Context}\label{Theory}}
                                       [2]
Chapter 2.

LaTeX Warning: Reference `bayesintro' on page 3 undefined on input line 268.

pdfTeX warning (ext4): destination with the same identifier (name{page.3}) has 
been already used, duplicate ignored
<to be read again> 
                   \relax 
l.276 
       [3

]
<figure/FurrowPic.jpeg, id=283, 1003.75pt x 669.50125pt>
File: figure/FurrowPic.jpeg Graphic file (type jpg)
<use figure/FurrowPic.jpeg>
Package pdftex.def Info: figure/FurrowPic.jpeg  used on input line 292.
(pdftex.def)             Requested size: 130.07855pt x 130.07718pt.
<figure/Irrigation-sprinklers.jpeg, id=284, 1606.0pt x 1075.01625pt>
File: figure/Irrigation-sprinklers.jpeg Graphic file (type jpg)
<use figure/Irrigation-sprinklers.jpeg>
Package pdftex.def Info: figure/Irrigation-sprinklers.jpeg  used on input line 
292.
(pdftex.def)             Requested size: 130.07549pt x 130.07901pt.
<figure/DripIrrigation.jpeg, id=285, 652.4375pt x 489.83pt>
File: figure/DripIrrigation.jpeg Graphic file (type jpg)
<use figure/DripIrrigation.jpeg>
Package pdftex.def Info: figure/DripIrrigation.jpeg  used on input line 292.
(pdftex.def)             Requested size: 130.08696pt x 130.08087pt.
pdfTeX warning (ext4): destination with the same identifier (name{page.4}) has 
been already used, duplicate ignored
<to be read again> 
                   \relax 
l.297 \end{figure}
                   [4] [5 <./figure/FurrowPic.jpeg> <./figure/Irrigation-sprink
lers.jpeg> <./figure/DripIrrigation.jpeg>]
Underfull \vbox (badness 3049) has occurred while \output is active []

[6] [7]
LaTeX Font Info:    External font `lmex10' loaded for size
(Font)              <10> on input line 348.
LaTeX Font Info:    External font `lmex10' loaded for size
(Font)              <7> on input line 348.
LaTeX Font Info:    External font `lmex10' loaded for size
(Font)              <5> on input line 348.
[8] [9] [10

]
Chapter 3.

LaTeX Warning: Reference `fig:irrfrac-2005' on page 11 undefined on input line 
362.

<thesis_files/figure-latex/study-region-nocrop-1.pdf, id=393, 469.755pt x 325.2
15pt>
File: thesis_files/figure-latex/study-region-nocrop-1.pdf Graphic file (type pd
f)
<use thesis_files/figure-latex/study-region-nocrop-1.pdf>
Package pdftex.def Info: thesis_files/figure-latex/study-region-nocrop-1.pdf  u
sed on input line 365.
(pdftex.def)             Requested size: 469.75386pt x 325.2142pt.

Overfull \hbox (36.13387pt too wide) in paragraph at lines 365--366
 [][] 
 []


Underfull \vbox (badness 10000) has occurred while \output is active []

[11] [12 <./thesis_files/figure-latex/study-region-nocrop-1.pdf>]
<figure/TRI_calc.png, id=421, 786.867pt x 268.932pt>
File: figure/TRI_calc.png Graphic file (type png)
<use figure/TRI_calc.png>
Package pdftex.def Info: figure/TRI_calc.png  used on input line 392.
(pdftex.def)             Requested size: 325.215pt x 111.1533pt.
<thesis_files/figure-latex/TRI-1.pdf, id=423, 469.755pt x 325.215pt>
File: thesis_files/figure-latex/TRI-1.pdf Graphic file (type pdf)
<use thesis_files/figure-latex/TRI-1.pdf>
Package pdftex.def Info: thesis_files/figure-latex/TRI-1.pdf  used on input lin
e 404.
(pdftex.def)             Requested size: 469.75386pt x 325.2142pt.

Overfull \hbox (36.13387pt too wide) in paragraph at lines 404--405
 [][] 
 []

[13 <./figure/TRI_calc.png>] [14 <./thesis_files/figure-latex/TRI-1.pdf>]
<thesis_files/figure-latex/demo2005-1.pdf, id=467, 469.755pt x 325.215pt>
File: thesis_files/figure-latex/demo2005-1.pdf Graphic file (type pdf)
<use thesis_files/figure-latex/demo2005-1.pdf>
Package pdftex.def Info: thesis_files/figure-latex/demo2005-1.pdf  used on inpu
t line 448.
(pdftex.def)             Requested size: 469.75386pt x 325.2142pt.

Overfull \hbox (36.13387pt too wide) in paragraph at lines 448--449
 [][] 
 []


Underfull \vbox (badness 10000) has occurred while \output is active []

[15] [16 <./thesis_files/figure-latex/demo2005-1.pdf>]
<thesis_files/figure-latex/popdens2005-1.pdf, id=511, 469.755pt x 325.215pt>
File: thesis_files/figure-latex/popdens2005-1.pdf Graphic file (type pdf)
<use thesis_files/figure-latex/popdens2005-1.pdf>
Package pdftex.def Info: thesis_files/figure-latex/popdens2005-1.pdf  used on i
nput line 486.
(pdftex.def)             Requested size: 469.75386pt x 325.2142pt.

Overfull \hbox (36.13387pt too wide) in paragraph at lines 486--487
 [][] 
 []


Underfull \vbox (badness 10000) has occurred while \output is active []

[17] [18 <./thesis_files/figure-latex/popdens2005-1.pdf>]

LaTeX Warning: Reference `HYDE' on page 19 undefined on input line 517.

<thesis_files/figure-latex/irrfrac2005-1.pdf, id=562, 469.755pt x 325.215pt>
File: thesis_files/figure-latex/irrfrac2005-1.pdf Graphic file (type pdf)
<use thesis_files/figure-latex/irrfrac2005-1.pdf>
Package pdftex.def Info: thesis_files/figure-latex/irrfrac2005-1.pdf  used on i
nput line 525.
(pdftex.def)             Requested size: 433.62pt x 300.19887pt.
[19]
<thesis_files/figure-latex/irrfrachist-1.pdf, id=585, 469.755pt x 325.215pt>
File: thesis_files/figure-latex/irrfrachist-1.pdf Graphic file (type pdf)
<use thesis_files/figure-latex/irrfrachist-1.pdf>
Package pdftex.def Info: thesis_files/figure-latex/irrfrachist-1.pdf  used on i
nput line 536.
(pdftex.def)             Requested size: 469.75386pt x 325.2142pt.

Overfull \hbox (36.13387pt too wide) in paragraph at lines 536--537
 [][] 
 []


Underfull \vbox (badness 10000) has occurred while \output is active []

[20 <./thesis_files/figure-latex/irrfrac2005-1.pdf>] [21 <./thesis_files/figure
-latex/irrfrachist-1.pdf>]
<thesis_files/figure-latex/mudag-1.pdf, id=614, 469.755pt x 325.215pt>
File: thesis_files/figure-latex/mudag-1.pdf Graphic file (type pdf)
<use thesis_files/figure-latex/mudag-1.pdf>
Package pdftex.def Info: thesis_files/figure-latex/mudag-1.pdf  used on input l
ine 606.
(pdftex.def)             Requested size: 469.75386pt x 325.2142pt.

Overfull \hbox (36.13387pt too wide) in paragraph at lines 606--607
 [][] 
 []

<thesis_files/figure-latex/zidag-1.pdf, id=615, 469.755pt x 325.215pt>
File: thesis_files/figure-latex/zidag-1.pdf Graphic file (type pdf)
<use thesis_files/figure-latex/zidag-1.pdf>
Package pdftex.def Info: thesis_files/figure-latex/zidag-1.pdf  used on input l
ine 614.
(pdftex.def)             Requested size: 469.75386pt x 325.2142pt.

Overfull \hbox (36.13387pt too wide) in paragraph at lines 614--615
 [][] 
 []


Underfull \vbox (badness 10000) has occurred while \output is active []

[22]
Underfull \vbox (badness 10000) has occurred while \output is active []

[23 <./thesis_files/figure-latex/mudag-1.pdf>]
LaTeX Font Info:    Trying to load font information for TS1+lmtt on input line 
622.
(/Users/rachelledig/Library/TinyTeX/texmf-dist/tex/latex/lm/ts1lmtt.fd
File: ts1lmtt.fd 2015/05/01 v1.6.1 Font defs for Latin Modern
) [24 <./thesis_files/figure-latex/zidag-1.pdf>]
Chapter 4.
[25

] [26]
<thesis_files/figure-latex/prioreffects-1.pdf, id=714, 469.755pt x 325.215pt>
File: thesis_files/figure-latex/prioreffects-1.pdf Graphic file (type pdf)
<use thesis_files/figure-latex/prioreffects-1.pdf>
Package pdftex.def Info: thesis_files/figure-latex/prioreffects-1.pdf  used on 
input line 706.
(pdftex.def)             Requested size: 469.75386pt x 325.2142pt.

Overfull \hbox (36.13387pt too wide) in paragraph at lines 706--707
 [][] 
 []

[27 <./thesis_files/figure-latex/prioreffects-1.pdf>] [28] [29] [30]
Overfull \hbox (28.89188pt too wide) in paragraph at lines 802--804
 \T1/lmr/m/n/12 (-20) Ailao Moun-tains, Yun-nan, China, \T1/lmr/m/it/12 (-20) 6
\T1/lmr/m/n/12 (-20) (2), 173--196. http://doi.org/[]10.14956/asafas.6.173[] 
 []


Overfull \hbox (21.27386pt too wide) in paragraph at lines 823--825
 [][]\T1/lmr/m/n/12 (-20) Comission, E. (2021). Eu-ro-stat Database. https://ec
.europa.eu/eurostat/data/database. 
 []


Underfull \vbox (badness 10000) has occurred while \output is active []

[31


]
Underfull \hbox (badness 2418) in paragraph at lines 853--855
 [][]\T1/lmr/m/n/12 (+20) Forseth, I. (2010). Ter-res-trial Biomes. \T1/lmr/m/i
t/12 (+20) Na-ture Ed-u-ca-tion Knowl-edge\T1/lmr/m/n/12 (+20) .
 []


Underfull \hbox (badness 10000) in paragraph at lines 853--855
 \T1/lmr/m/n/12 (+20) https://www.nature.com/scitable/knowledge/library/terrest
rial-biomes-
 []


Underfull \hbox (badness 1448) in paragraph at lines 871--873
 [][]\T1/lmr/m/n/12 (+20) Hacking, I. (2001). \T1/lmr/m/it/12 (+20) An In-tro-d
uc-tion to Prob-a-bil-ity and In-duc-tive Logic\T1/lmr/m/n/12 (+20) .
 []


Underfull \vbox (badness 10000) has occurred while \output is active []

[32]
Overfull \hbox (102.55505pt too wide) in paragraph at lines 898--900
 \T1/lmr/m/n/12 (-20) mate Im-pact Re-search. https://www.pik-potsdam.de/en/ins
titute/departments/activities/biosphere-
 []


Underfull \vbox (badness 10000) has occurred while \output is active []

[33] [34] (./thesis.aux)

LaTeX Warning: There were undefined references.


LaTeX Warning: There were multiply-defined labels.

Package rerunfilecheck Info: File `thesis.out' has not changed.
(rerunfilecheck)             Checksum: 173F5DB1F97C5F2CF026290AEC617C7D;3788.
 ) 
Here is how much of TeX's memory you used:
 16246 strings out of 480539
 254580 string characters out of 5901471
 594776 words of memory out of 5000000
 33059 multiletter control sequences out of 15000+600000
 484286 words of font info for 194 fonts, out of 8000000 for 9000
 14 hyphenation exceptions out of 8191
 60i,12n,69p,2299b,462s stack positions out of 5000i,500n,10000p,200000b,80000s
pdfTeX warning (dest): name{ref-ref} has been referenced but does not exist, 
replaced by a fixed one

pdfTeX warning (dest): name{ref-douglascoxWaterQualityCrop2015} has been refere
nced but does not exist, replaced by a fixed one

{/Users/rachelledig/Library/TinyTeX/texmf-dist/fonts/enc/dvips/lm/lm-rm.enc}{/U
sers/rachelledig/Library/TinyTeX/texmf-dist/fonts/enc/dvips/lm/lm-mathit.enc}{/
Users/rachelledig/Library/TinyTeX/texmf-dist/fonts/enc/dvips/lm/lm-mathsy.enc}{
/Users/rachelledig/Library/TinyTeX/texmf-dist/fonts/enc/dvips/lm/lm-ts1.enc}{/U
sers/rachelledig/Library/TinyTeX/texmf-dist/fonts/enc/dvips/lm/lm-ec.enc}</User
s/rachelledig/Library/TinyTeX/texmf-dist/fonts/type1/public/lm/lmbx12.pfb></Use
rs/rachelledig/Library/TinyTeX/texmf-dist/fonts/type1/public/lm/lmmi12.pfb></Us
ers/rachelledig/Library/TinyTeX/texmf-dist/fonts/type1/public/lm/lmr10.pfb></Us
ers/rachelledig/Library/TinyTeX/texmf-dist/fonts/type1/public/lm/lmr12.pfb></Us
ers/rachelledig/Library/TinyTeX/texmf-dist/fonts/type1/public/lm/lmr7.pfb></Use
rs/rachelledig/Library/TinyTeX/texmf-dist/fonts/type1/public/lm/lmr8.pfb></User
s/rachelledig/Library/TinyTeX/texmf-dist/fonts/type1/public/lm/lmri12.pfb></Use
rs/rachelledig/Library/TinyTeX/texmf-dist/fonts/type1/public/lm/lmro12.pfb></Us
ers/rachelledig/Library/TinyTeX/texmf-dist/fonts/type1/public/lm/lmsy10.pfb></U
sers/rachelledig/Library/TinyTeX/texmf-dist/fonts/type1/public/lm/lmtt12.pfb>
Output written on thesis.pdf (50 pages, 4489651 bytes).
PDF statistics:
 946 PDF objects out of 1000 (max. 8388607)
 834 compressed objects within 9 object streams
 256 named destinations out of 1000 (max. 500000)
 43263 words of extra memory for PDF output out of 51595 (max. 10000000)

